{"E:\\Proyectos\\training\\NodeJS\\workspace\\nodejs\\web\\nodejs\\unitTesting\\tv-maze\\index.js":{"path":"E:\\Proyectos\\training\\NodeJS\\workspace\\nodejs\\web\\nodejs\\unitTesting\\tv-maze\\index.js","s":{"1":1,"2":1,"3":5,"4":1},"b":{},"f":{"1":5},"fnMap":{"1":{"name":"createClient","line":6,"loc":{"start":{"line":6,"column":0},"end":{"line":6,"column":25}}}},"statementMap":{"1":{"start":{"line":4,"column":0},"end":{"line":4,"column":36}},"2":{"start":{"line":6,"column":0},"end":{"line":8,"column":1}},"3":{"start":{"line":7,"column":2},"end":{"line":7,"column":21}},"4":{"start":{"line":10,"column":0},"end":{"line":12,"column":1}}},"branchMap":{}},"E:\\Proyectos\\training\\NodeJS\\workspace\\nodejs\\web\\nodejs\\unitTesting\\tv-maze\\lib\\client.js":{"path":"E:\\Proyectos\\training\\NodeJS\\workspace\\nodejs\\web\\nodejs\\unitTesting\\tv-maze\\lib\\client.js","s":{"1":1,"2":1,"3":1,"4":5,"5":5,"6":1,"7":4,"8":4,"9":1,"10":4,"11":4,"12":1,"13":3,"14":1,"15":2,"16":1,"17":1,"18":1,"19":1,"20":1},"b":{"1":[5,5],"2":[5,5],"3":[1,3],"4":[1,3],"5":[1,2]},"f":{"1":5,"2":4,"3":4,"4":1,"5":1},"fnMap":{"1":{"name":"(anonymous_1)","line":9,"loc":{"start":{"line":9,"column":13},"end":{"line":9,"column":32}}},"2":{"name":"(anonymous_2)","line":14,"loc":{"start":{"line":14,"column":28},"end":{"line":14,"column":70}}},"3":{"name":"(anonymous_3)","line":25,"loc":{"start":{"line":25,"column":5},"end":{"line":25,"column":31}}},"4":{"name":"(anonymous_4)","line":34,"loc":{"start":{"line":34,"column":25},"end":{"line":34,"column":45}}},"5":{"name":"(anonymous_5)","line":38,"loc":{"start":{"line":38,"column":26},"end":{"line":38,"column":56}}}},"statementMap":{"1":{"start":{"line":5,"column":0},"end":{"line":5,"column":39}},"2":{"start":{"line":7,"column":0},"end":{"line":7,"column":31}},"3":{"start":{"line":9,"column":0},"end":{"line":12,"column":1}},"4":{"start":{"line":10,"column":2},"end":{"line":10,"column":30}},"5":{"start":{"line":11,"column":2},"end":{"line":11,"column":66}},"6":{"start":{"line":14,"column":0},"end":{"line":32,"column":1}},"7":{"start":{"line":15,"column":2},"end":{"line":15,"column":32}},"8":{"start":{"line":17,"column":2},"end":{"line":19,"column":3}},"9":{"start":{"line":18,"column":4},"end":{"line":18,"column":34}},"10":{"start":{"line":21,"column":2},"end":{"line":31,"column":4}},"11":{"start":{"line":26,"column":4},"end":{"line":26,"column":33}},"12":{"start":{"line":26,"column":13},"end":{"line":26,"column":33}},"13":{"start":{"line":28,"column":4},"end":{"line":28,"column":93}},"14":{"start":{"line":28,"column":32},"end":{"line":28,"column":93}},"15":{"start":{"line":30,"column":4},"end":{"line":30,"column":24}},"16":{"start":{"line":34,"column":0},"end":{"line":36,"column":1}},"17":{"start":{"line":35,"column":2},"end":{"line":35,"column":48}},"18":{"start":{"line":38,"column":0},"end":{"line":40,"column":1}},"19":{"start":{"line":39,"column":2},"end":{"line":39,"column":64}},"20":{"start":{"line":42,"column":0},"end":{"line":42,"column":23}}},"branchMap":{"1":{"line":10,"type":"binary-expr","locations":[{"start":{"line":10,"column":17},"end":{"line":10,"column":24}},{"start":{"line":10,"column":28},"end":{"line":10,"column":30}}]},"2":{"line":11,"type":"binary-expr","locations":[{"start":{"line":11,"column":18},"end":{"line":11,"column":39}},{"start":{"line":11,"column":43},"end":{"line":11,"column":66}}]},"3":{"line":17,"type":"if","locations":[{"start":{"line":17,"column":2},"end":{"line":17,"column":2}},{"start":{"line":17,"column":2},"end":{"line":17,"column":2}}]},"4":{"line":26,"type":"if","locations":[{"start":{"line":26,"column":4},"end":{"line":26,"column":4}},{"start":{"line":26,"column":4},"end":{"line":26,"column":4}}]},"5":{"line":28,"type":"if","locations":[{"start":{"line":28,"column":4},"end":{"line":28,"column":4}},{"start":{"line":28,"column":4},"end":{"line":28,"column":4}}]}}}}