TN:
SF:E:\Proyectos\training\NodeJS\workspace\nodejs\web\nodejs\unitTesting\tv-maze\index.js
FN:6,createClient
FNF:1
FNH:1
FNDA:5,createClient
DA:4,1
DA:6,1
DA:7,5
DA:10,1
LF:4
LH:4
BRF:0
BRH:0
end_of_record
TN:
SF:E:\Proyectos\training\NodeJS\workspace\nodejs\web\nodejs\unitTesting\tv-maze\lib\client.js
FN:9,(anonymous_1)
FN:14,(anonymous_2)
FN:25,(anonymous_3)
FN:34,(anonymous_4)
FN:38,(anonymous_5)
FNF:5
FNH:5
FNDA:5,(anonymous_1)
FNDA:4,(anonymous_2)
FNDA:4,(anonymous_3)
FNDA:1,(anonymous_4)
FNDA:1,(anonymous_5)
DA:5,1
DA:7,1
DA:9,1
DA:10,5
DA:11,5
DA:14,1
DA:15,4
DA:17,4
DA:18,1
DA:21,4
DA:26,4
DA:28,3
DA:30,2
DA:34,1
DA:35,1
DA:38,1
DA:39,1
DA:42,1
LF:18
LH:18
BRDA:10,1,0,5
BRDA:10,1,1,5
BRDA:11,2,0,5
BRDA:11,2,1,5
BRDA:17,3,0,1
BRDA:17,3,1,3
BRDA:26,4,0,1
BRDA:26,4,1,3
BRDA:28,5,0,1
BRDA:28,5,1,2
BRF:10
BRH:10
end_of_record
